{"/Users/abdullahranginwala/Desktop/Development/cruise-controller/src/RateLimiter.js": {"path":"/Users/abdullahranginwala/Desktop/Development/cruise-controller/src/RateLimiter.js","statementMap":{"0":{"start":{"line":1,"column":33},"end":{"line":1,"column":64}},"1":{"start":{"line":5,"column":8},"end":{"line":5,"column":54}},"2":{"start":{"line":6,"column":8},"end":{"line":6,"column":36}},"3":{"start":{"line":7,"column":8},"end":{"line":7,"column":58}},"4":{"start":{"line":7,"column":50},"end":{"line":7,"column":56}},"5":{"start":{"line":8,"column":8},"end":{"line":8,"column":56}},"6":{"start":{"line":9,"column":8},"end":{"line":9,"column":49}},"7":{"start":{"line":10,"column":8},"end":{"line":10,"column":49}},"8":{"start":{"line":11,"column":8},"end":{"line":11,"column":84}},"9":{"start":{"line":11,"column":63},"end":{"line":11,"column":82}},"10":{"start":{"line":12,"column":8},"end":{"line":12,"column":74}},"11":{"start":{"line":16,"column":27},"end":{"line":16,"column":43}},"12":{"start":{"line":19,"column":8},"end":{"line":21,"column":9}},"13":{"start":{"line":20,"column":10},"end":{"line":20,"column":23}},"14":{"start":{"line":23,"column":8},"end":{"line":23,"column":47}},"15":{"start":{"line":24,"column":29},"end":{"line":24,"column":61}},"16":{"start":{"line":25,"column":8},"end":{"line":27,"column":9}},"17":{"start":{"line":26,"column":10},"end":{"line":26,"column":22}},"18":{"start":{"line":29,"column":8},"end":{"line":29,"column":21}},"19":{"start":{"line":33,"column":20},"end":{"line":33,"column":30}},"20":{"start":{"line":34,"column":27},"end":{"line":34,"column":43}},"21":{"start":{"line":35,"column":27},"end":{"line":35,"column":59}},"22":{"start":{"line":37,"column":28},"end":{"line":37,"column":47}},"23":{"start":{"line":38,"column":33},"end":{"line":38,"column":88}},"24":{"start":{"line":38,"column":64},"end":{"line":38,"column":87}},"25":{"start":{"line":40,"column":8},"end":{"line":46,"column":9}},"26":{"start":{"line":41,"column":10},"end":{"line":41,"column":22}},"27":{"start":{"line":43,"column":10},"end":{"line":43,"column":37}},"28":{"start":{"line":44,"column":10},"end":{"line":44,"column":67}},"29":{"start":{"line":45,"column":10},"end":{"line":45,"column":23}},"30":{"start":{"line":51,"column":27},"end":{"line":51,"column":43}},"31":{"start":{"line":52,"column":29},"end":{"line":52,"column":61}},"32":{"start":{"line":54,"column":8},"end":{"line":59,"column":9}},"33":{"start":{"line":55,"column":8},"end":{"line":55,"column":62}},"34":{"start":{"line":56,"column":8},"end":{"line":56,"column":21}},"35":{"start":{"line":58,"column":8},"end":{"line":58,"column":20}},"36":{"start":{"line":63,"column":8},"end":{"line":89,"column":10}},"37":{"start":{"line":64,"column":29},"end":{"line":64,"column":45}},"38":{"start":{"line":67,"column":10},"end":{"line":69,"column":11}},"39":{"start":{"line":68,"column":12},"end":{"line":68,"column":26}},"40":{"start":{"line":72,"column":10},"end":{"line":74,"column":11}},"41":{"start":{"line":73,"column":12},"end":{"line":73,"column":45}},"42":{"start":{"line":76,"column":10},"end":{"line":78,"column":11}},"43":{"start":{"line":77,"column":12},"end":{"line":77,"column":26}},"44":{"start":{"line":80,"column":10},"end":{"line":82,"column":11}},"45":{"start":{"line":81,"column":12},"end":{"line":81,"column":45}},"46":{"start":{"line":84,"column":10},"end":{"line":88,"column":11}},"47":{"start":{"line":85,"column":12},"end":{"line":85,"column":45}},"48":{"start":{"line":87,"column":12},"end":{"line":87,"column":19}},"49":{"start":{"line":94,"column":0},"end":{"line":94,"column":29}}},"fnMap":{"0":{"name":"(anonymous_0)","decl":{"start":{"line":4,"column":4},"end":{"line":4,"column":5}},"loc":{"start":{"line":4,"column":30},"end":{"line":13,"column":5}},"line":4},"1":{"name":"(anonymous_1)","decl":{"start":{"line":7,"column":41},"end":{"line":7,"column":42}},"loc":{"start":{"line":7,"column":50},"end":{"line":7,"column":56}},"line":7},"2":{"name":"(anonymous_2)","decl":{"start":{"line":11,"column":49},"end":{"line":11,"column":50}},"loc":{"start":{"line":11,"column":63},"end":{"line":11,"column":82}},"line":11},"3":{"name":"(anonymous_3)","decl":{"start":{"line":15,"column":4},"end":{"line":15,"column":5}},"loc":{"start":{"line":15,"column":27},"end":{"line":30,"column":5}},"line":15},"4":{"name":"(anonymous_4)","decl":{"start":{"line":32,"column":4},"end":{"line":32,"column":5}},"loc":{"start":{"line":32,"column":36},"end":{"line":47,"column":5}},"line":32},"5":{"name":"(anonymous_5)","decl":{"start":{"line":38,"column":51},"end":{"line":38,"column":52}},"loc":{"start":{"line":38,"column":64},"end":{"line":38,"column":87}},"line":38},"6":{"name":"(anonymous_6)","decl":{"start":{"line":50,"column":4},"end":{"line":50,"column":5}},"loc":{"start":{"line":50,"column":27},"end":{"line":60,"column":5}},"line":50},"7":{"name":"(anonymous_7)","decl":{"start":{"line":62,"column":4},"end":{"line":62,"column":5}},"loc":{"start":{"line":62,"column":17},"end":{"line":90,"column":5}},"line":62},"8":{"name":"(anonymous_8)","decl":{"start":{"line":63,"column":15},"end":{"line":63,"column":16}},"loc":{"start":{"line":63,"column":41},"end":{"line":89,"column":9}},"line":63}},"branchMap":{"0":{"loc":{"start":{"line":4,"column":16},"end":{"line":4,"column":28}},"type":"default-arg","locations":[{"start":{"line":4,"column":26},"end":{"line":4,"column":28}}],"line":4},"1":{"loc":{"start":{"line":5,"column":24},"end":{"line":5,"column":53}},"type":"binary-expr","locations":[{"start":{"line":5,"column":24},"end":{"line":5,"column":40}},{"start":{"line":5,"column":44},"end":{"line":5,"column":53}}],"line":5},"2":{"loc":{"start":{"line":6,"column":19},"end":{"line":6,"column":35}},"type":"binary-expr","locations":[{"start":{"line":6,"column":19},"end":{"line":6,"column":30}},{"start":{"line":6,"column":34},"end":{"line":6,"column":35}}],"line":6},"3":{"loc":{"start":{"line":7,"column":22},"end":{"line":7,"column":57}},"type":"binary-expr","locations":[{"start":{"line":7,"column":22},"end":{"line":7,"column":36}},{"start":{"line":7,"column":41},"end":{"line":7,"column":56}}],"line":7},"4":{"loc":{"start":{"line":8,"column":21},"end":{"line":8,"column":55}},"type":"binary-expr","locations":[{"start":{"line":8,"column":21},"end":{"line":8,"column":34}},{"start":{"line":8,"column":38},"end":{"line":8,"column":55}}],"line":8},"5":{"loc":{"start":{"line":9,"column":25},"end":{"line":9,"column":48}},"type":"binary-expr","locations":[{"start":{"line":9,"column":25},"end":{"line":9,"column":42}},{"start":{"line":9,"column":46},"end":{"line":9,"column":48}}],"line":9},"6":{"loc":{"start":{"line":10,"column":25},"end":{"line":10,"column":48}},"type":"binary-expr","locations":[{"start":{"line":10,"column":25},"end":{"line":10,"column":42}},{"start":{"line":10,"column":46},"end":{"line":10,"column":48}}],"line":10},"7":{"loc":{"start":{"line":11,"column":26},"end":{"line":11,"column":83}},"type":"binary-expr","locations":[{"start":{"line":11,"column":26},"end":{"line":11,"column":44}},{"start":{"line":11,"column":49},"end":{"line":11,"column":82}}],"line":11},"8":{"loc":{"start":{"line":12,"column":25},"end":{"line":12,"column":61}},"type":"binary-expr","locations":[{"start":{"line":12,"column":25},"end":{"line":12,"column":41}},{"start":{"line":12,"column":45},"end":{"line":12,"column":61}}],"line":12},"9":{"loc":{"start":{"line":19,"column":8},"end":{"line":21,"column":9}},"type":"if","locations":[{"start":{"line":19,"column":8},"end":{"line":21,"column":9}},{"start":{},"end":{}}],"line":19},"10":{"loc":{"start":{"line":25,"column":8},"end":{"line":27,"column":9}},"type":"if","locations":[{"start":{"line":25,"column":8},"end":{"line":27,"column":9}},{"start":{},"end":{}}],"line":25},"11":{"loc":{"start":{"line":40,"column":8},"end":{"line":46,"column":9}},"type":"if","locations":[{"start":{"line":40,"column":8},"end":{"line":46,"column":9}},{"start":{"line":42,"column":15},"end":{"line":46,"column":9}}],"line":40},"12":{"loc":{"start":{"line":54,"column":8},"end":{"line":59,"column":9}},"type":"if","locations":[{"start":{"line":54,"column":8},"end":{"line":59,"column":9}},{"start":{"line":57,"column":15},"end":{"line":59,"column":9}}],"line":54},"13":{"loc":{"start":{"line":67,"column":10},"end":{"line":69,"column":11}},"type":"if","locations":[{"start":{"line":67,"column":10},"end":{"line":69,"column":11}},{"start":{},"end":{}}],"line":67},"14":{"loc":{"start":{"line":72,"column":10},"end":{"line":74,"column":11}},"type":"if","locations":[{"start":{"line":72,"column":10},"end":{"line":74,"column":11}},{"start":{},"end":{}}],"line":72},"15":{"loc":{"start":{"line":76,"column":10},"end":{"line":78,"column":11}},"type":"if","locations":[{"start":{"line":76,"column":10},"end":{"line":78,"column":11}},{"start":{},"end":{}}],"line":76},"16":{"loc":{"start":{"line":80,"column":10},"end":{"line":82,"column":11}},"type":"if","locations":[{"start":{"line":80,"column":10},"end":{"line":82,"column":11}},{"start":{},"end":{}}],"line":80},"17":{"loc":{"start":{"line":84,"column":10},"end":{"line":88,"column":11}},"type":"if","locations":[{"start":{"line":84,"column":10},"end":{"line":88,"column":11}},{"start":{"line":86,"column":17},"end":{"line":88,"column":11}}],"line":84}},"s":{"0":1,"1":5,"2":5,"3":5,"4":0,"5":5,"6":5,"7":5,"8":5,"9":3,"10":5,"11":6,"12":6,"13":0,"14":6,"15":6,"16":6,"17":1,"18":5,"19":0,"20":0,"21":0,"22":0,"23":0,"24":0,"25":0,"26":0,"27":0,"28":0,"29":0,"30":0,"31":0,"32":0,"33":0,"34":0,"35":0,"36":5,"37":28,"38":28,"39":10,"40":18,"41":1,"42":17,"43":10,"44":7,"45":1,"46":6,"47":1,"48":5,"49":1},"f":{"0":5,"1":0,"2":3,"3":6,"4":0,"5":0,"6":0,"7":5,"8":28},"b":{"0":[0],"1":[5,0],"2":[5,0],"3":[5,0],"4":[5,0],"5":[5,5],"6":[5,5],"7":[5,5],"8":[5,5],"9":[0,6],"10":[1,5],"11":[0,0],"12":[0,0],"13":[10,18],"14":[1,17],"15":[10,7],"16":[1,6],"17":[1,5]},"_coverageSchema":"1a1c01bbd47fc00a2c39e90264f33305004495a9","hash":"d28231d786f69eb0ff64c211b88c9db1eb7f311f"}
,"/Users/abdullahranginwala/Desktop/Development/cruise-controller/src/index.js": {"path":"/Users/abdullahranginwala/Desktop/Development/cruise-controller/src/index.js","statementMap":{"0":{"start":{"line":1,"column":20},"end":{"line":1,"column":44}},"1":{"start":{"line":3,"column":0},"end":{"line":3,"column":29}}},"fnMap":{},"branchMap":{},"s":{"0":1,"1":1},"f":{},"b":{},"_coverageSchema":"1a1c01bbd47fc00a2c39e90264f33305004495a9","hash":"20d64702a07f3e396ea01e6756c1ef2112536931"}
,"/Users/abdullahranginwala/Desktop/Development/cruise-controller/src/stores/memoryStore.js": {"path":"/Users/abdullahranginwala/Desktop/Development/cruise-controller/src/stores/memoryStore.js","statementMap":{"0":{"start":{"line":3,"column":4},"end":{"line":3,"column":29}},"1":{"start":{"line":7,"column":25},"end":{"line":7,"column":51}},"2":{"start":{"line":8,"column":21},"end":{"line":8,"column":41}},"3":{"start":{"line":9,"column":4},"end":{"line":9,"column":36}},"4":{"start":{"line":10,"column":4},"end":{"line":10,"column":37}},"5":{"start":{"line":14,"column":4},"end":{"line":14,"column":55}},"6":{"start":{"line":18,"column":0},"end":{"line":18,"column":29}}},"fnMap":{"0":{"name":"(anonymous_0)","decl":{"start":{"line":2,"column":2},"end":{"line":2,"column":3}},"loc":{"start":{"line":2,"column":16},"end":{"line":4,"column":3}},"line":2},"1":{"name":"(anonymous_1)","decl":{"start":{"line":6,"column":2},"end":{"line":6,"column":3}},"loc":{"start":{"line":6,"column":28},"end":{"line":11,"column":3}},"line":6},"2":{"name":"(anonymous_2)","decl":{"start":{"line":13,"column":2},"end":{"line":13,"column":3}},"loc":{"start":{"line":13,"column":11},"end":{"line":15,"column":3}},"line":13}},"branchMap":{"0":{"loc":{"start":{"line":6,"column":17},"end":{"line":6,"column":26}},"type":"default-arg","locations":[{"start":{"line":6,"column":25},"end":{"line":6,"column":26}}],"line":6},"1":{"loc":{"start":{"line":7,"column":25},"end":{"line":7,"column":51}},"type":"binary-expr","locations":[{"start":{"line":7,"column":25},"end":{"line":7,"column":46}},{"start":{"line":7,"column":50},"end":{"line":7,"column":51}}],"line":7},"2":{"loc":{"start":{"line":14,"column":27},"end":{"line":14,"column":53}},"type":"binary-expr","locations":[{"start":{"line":14,"column":27},"end":{"line":14,"column":48}},{"start":{"line":14,"column":52},"end":{"line":14,"column":53}}],"line":14}},"s":{"0":5,"1":6,"2":6,"3":6,"4":6,"5":6,"6":1},"f":{"0":5,"1":6,"2":6},"b":{"0":[6],"1":[6,1],"2":[6,0]},"_coverageSchema":"1a1c01bbd47fc00a2c39e90264f33305004495a9","hash":"7913f4a7e4e596ed66a819ea1f0b88c642d0c8ab"}
}
