TN:
SF:src/RateLimiter.js
FN:4,(anonymous_0)
FN:7,(anonymous_1)
FN:11,(anonymous_2)
FN:15,(anonymous_3)
FN:32,(anonymous_4)
FN:38,(anonymous_5)
FN:50,(anonymous_6)
FN:62,(anonymous_7)
FN:63,(anonymous_8)
FNF:9
FNH:5
FNDA:5,(anonymous_0)
FNDA:0,(anonymous_1)
FNDA:3,(anonymous_2)
FNDA:6,(anonymous_3)
FNDA:0,(anonymous_4)
FNDA:0,(anonymous_5)
FNDA:0,(anonymous_6)
FNDA:5,(anonymous_7)
FNDA:28,(anonymous_8)
DA:1,1
DA:5,5
DA:6,5
DA:7,5
DA:8,5
DA:9,5
DA:10,5
DA:11,5
DA:12,5
DA:16,6
DA:19,6
DA:20,0
DA:23,6
DA:24,6
DA:25,6
DA:26,1
DA:29,5
DA:33,0
DA:34,0
DA:35,0
DA:37,0
DA:38,0
DA:40,0
DA:41,0
DA:43,0
DA:44,0
DA:45,0
DA:51,0
DA:52,0
DA:54,0
DA:55,0
DA:56,0
DA:58,0
DA:63,5
DA:64,28
DA:67,28
DA:68,10
DA:72,18
DA:73,1
DA:76,17
DA:77,10
DA:80,7
DA:81,1
DA:84,6
DA:85,1
DA:87,5
DA:94,1
LF:47
LH:30
BRDA:4,0,0,0
BRDA:5,1,0,5
BRDA:5,1,1,0
BRDA:6,2,0,5
BRDA:6,2,1,0
BRDA:7,3,0,5
BRDA:7,3,1,0
BRDA:8,4,0,5
BRDA:8,4,1,0
BRDA:9,5,0,5
BRDA:9,5,1,5
BRDA:10,6,0,5
BRDA:10,6,1,5
BRDA:11,7,0,5
BRDA:11,7,1,5
BRDA:12,8,0,5
BRDA:12,8,1,5
BRDA:19,9,0,0
BRDA:19,9,1,6
BRDA:25,10,0,1
BRDA:25,10,1,5
BRDA:40,11,0,0
BRDA:40,11,1,0
BRDA:54,12,0,0
BRDA:54,12,1,0
BRDA:67,13,0,10
BRDA:67,13,1,18
BRDA:72,14,0,1
BRDA:72,14,1,17
BRDA:76,15,0,10
BRDA:76,15,1,7
BRDA:80,16,0,1
BRDA:80,16,1,6
BRDA:84,17,0,1
BRDA:84,17,1,5
BRF:35
BRH:25
end_of_record
TN:
SF:src/index.js
FNF:0
FNH:0
DA:1,1
DA:3,1
LF:2
LH:2
BRF:0
BRH:0
end_of_record
TN:
SF:src/stores/memoryStore.js
FN:2,(anonymous_0)
FN:6,(anonymous_1)
FN:13,(anonymous_2)
FNF:3
FNH:3
FNDA:5,(anonymous_0)
FNDA:6,(anonymous_1)
FNDA:6,(anonymous_2)
DA:3,5
DA:7,6
DA:8,6
DA:9,6
DA:10,6
DA:14,6
DA:18,1
LF:7
LH:7
BRDA:6,0,0,6
BRDA:7,1,0,6
BRDA:7,1,1,1
BRDA:14,2,0,6
BRDA:14,2,1,0
BRF:5
BRH:4
end_of_record
